12:28:22.232 [main]34   evel 34ogger - Application launched
12:28:22.579 [main]39   evel 39ogger - user enter login and password
12:28:23.647 [main]42   evel 42ogger - page submitted
12:28:23.724 [main]50   evel 50ogger - user logine successfully
12:28:24.143 [main]58   evel 58ogger - browser closed
12:53:09.963 [main]34   evel 34ogger - Application launched
12:53:10.292 [main]39   evel 39ogger - user enter login and password
12:53:12.459 [main]42   evel 42ogger - page submitted
12:53:12.538 [main]50   evel 50ogger - user logine successfully
12:53:12.724 [main]58   evel 58ogger - browser closed
12:59:38.982 [main]34   evel 34ogger - Application launched
12:59:39.221 [main]39   evel 39ogger - user enter login and password
12:59:41.560 [main]42   evel 42ogger - page submitted
12:59:41.633 [main]50   evel 50ogger - user logine successfully
12:59:41.833 [main]58   evel 58ogger - browser closed
13:06:58.570 [main]34   evel 34ogger - Application launched
13:06:59.190 [main]39   evel 39ogger - user enter login and password
13:07:00.396 [main]42   evel 42ogger - page submitted
13:07:00.478 [main]50   evel 50ogger - user logine successfully
13:07:00.655 [main]58   evel 58ogger - browser closed
13:08:41.049 [main]34   evel 34ogger - Application launched
13:08:41.333 [main]39   evel 39ogger - user enter login and password
13:08:42.076 [main]42   evel 42ogger - page submitted
13:08:42.135 [main]50   evel 50ogger - user logine successfully
13:08:42.384 [main]58   evel 58ogger - browser closed
13:11:18.985 [main]34   evel 34ogger - Application launched
13:11:19.342 [main]39   evel 39ogger - user enter login and password
13:11:20.325 [main]42   evel 42ogger - page submitted
13:11:20.406 [main]50   evel 50ogger - user logine successfully
13:11:20.823 [main]58   evel 58ogger - browser closed
13:24:41.350 [main]34   evel 34ogger - Application launched
13:24:41.628 [main]39   evel 39ogger - user enter login and password
13:25:02.997 [main]42   evel 42ogger - page submitted
13:26:43.939 [main]34   evel 34ogger - Application launched
13:26:44.258 [main]39   evel 39ogger - user enter login and password
13:26:45.681 [main]42   evel 42ogger - page submitted
13:26:45.755 [main]50   evel 50ogger - user logine successfully
13:26:45.894 [main]58   evel 58ogger - browser closed
13:34:37.876 [main]34   evel 34ogger - Application launched
13:34:38.809 [main]39   evel 39ogger - user enter login and password
13:34:40.079 [main]42   evel 42ogger - page submitted
13:34:40.132 [main]50   evel 50ogger - user logine successfully
13:34:40.204 [main]58   evel 58ogger - browser closed
